c:\users\ferdı\onedrıve\vs.development\hyperplane\hyperplane\debug\hyperplane.pch
c:\users\ferdı\onedrıve\vs.development\hyperplane\hyperplane\debug\vc140.pdb
c:\users\ferdı\onedrıve\vs.development\hyperplane\hyperplane\debug\vc140.ıdb
c:\users\ferdı\onedrıve\vs.development\hyperplane\hyperplane\debug\stdafx.obj
c:\users\ferdı\onedrıve\vs.development\hyperplane\hyperplane\debug\classvıew.obj
c:\users\ferdı\onedrıve\vs.development\hyperplane\hyperplane\debug\cntrıtem.obj
c:\users\ferdı\onedrıve\vs.development\hyperplane\hyperplane\debug\fılevıew.obj
c:\users\ferdı\onedrıve\vs.development\hyperplane\hyperplane\debug\hyperplane.obj
c:\users\ferdı\onedrıve\vs.development\hyperplane\hyperplane\debug\hyperplanedoc.obj
c:\users\ferdı\onedrıve\vs.development\hyperplane\hyperplane\debug\hyperplanevıew.obj
c:\users\ferdı\onedrıve\vs.development\hyperplane\hyperplane\debug\ıpframe.obj
c:\users\ferdı\onedrıve\vs.development\hyperplane\hyperplane\debug\maınfrm.obj
c:\users\ferdı\onedrıve\vs.development\hyperplane\hyperplane\debug\outputwnd.obj
c:\users\ferdı\onedrıve\vs.development\hyperplane\hyperplane\debug\propertıeswnd.obj
c:\users\ferdı\onedrıve\vs.development\hyperplane\hyperplane\debug\srvrıtem.obj
c:\users\ferdı\onedrıve\vs.development\hyperplane\hyperplane\debug\vıewtree.obj
c:\users\ferdı\onedrıve\vs.development\hyperplane\hyperplane\debug\hyperplanevıewport.obj
c:\users\ferdı\documents\gıthub\hyperplane\hyperplane\debug\hyperplane.pch
c:\users\ferdı\documents\gıthub\hyperplane\hyperplane\debug\vc140.pdb
c:\users\ferdı\documents\gıthub\hyperplane\hyperplane\debug\vc140.ıdb
c:\users\ferdı\documents\gıthub\hyperplane\hyperplane\debug\stdafx.obj
c:\users\ferdı\documents\gıthub\hyperplane\hyperplane\debug\classvıew.obj
c:\users\ferdı\documents\gıthub\hyperplane\hyperplane\debug\cntrıtem.obj
c:\users\ferdı\documents\gıthub\hyperplane\hyperplane\debug\fılevıew.obj
c:\users\ferdı\documents\gıthub\hyperplane\hyperplane\debug\hyperplane.obj
c:\users\ferdı\documents\gıthub\hyperplane\hyperplane\debug\hyperplanedoc.obj
c:\users\ferdı\documents\gıthub\hyperplane\hyperplane\debug\hyperplanevıew.obj
c:\users\ferdı\documents\gıthub\hyperplane\hyperplane\debug\hyperplanevıewport.obj
c:\users\ferdı\documents\gıthub\hyperplane\hyperplane\debug\ıpframe.obj
c:\users\ferdı\documents\gıthub\hyperplane\hyperplane\debug\maınfrm.obj
c:\users\ferdı\documents\gıthub\hyperplane\hyperplane\debug\outputwnd.obj
c:\users\ferdı\documents\gıthub\hyperplane\hyperplane\debug\propertıeswnd.obj
c:\users\ferdı\documents\gıthub\hyperplane\hyperplane\debug\srvrıtem.obj
c:\users\ferdı\documents\gıthub\hyperplane\hyperplane\debug\vıewtree.obj
c:\users\ferdı\documents\gıthub\hyperplane\hyperplane\debug\hyperplanevıewangle.obj
c:\users\ferdı\onedrıve\vs.development\hyperplane\debug\hyperplane.ılk
c:\users\ferdı\onedrıve\vs.development\hyperplane\debug\hyperplane.exe
c:\users\ferdı\onedrıve\vs.development\hyperplane\debug\hyperplane.pdb
c:\users\ferdı\onedrıve\vs.development\hyperplane\hyperplane\debug\hyperplane.tlb
c:\users\ferdı\onedrıve\vs.development\hyperplane\hyperplane\hyperplane_ı.c
c:\users\ferdı\onedrıve\vs.development\hyperplane\hyperplane\hyperplane_h.h
c:\users\ferdı\documents\gıthub\hyperplane\hyperplane\debug\hyperplane.tlb
c:\users\ferdı\documents\gıthub\hyperplane\hyperplane\hyperplane_ı.c
c:\users\ferdı\documents\gıthub\hyperplane\hyperplane\hyperplane_h.h
c:\users\ferdı\onedrıve\vs.development\hyperplane\hyperplane\debug\hyperplane.res
c:\users\ferdı\documents\gıthub\hyperplane\hyperplane\debug\hyperplane.res
c:\users\ferdi\documents\github\hyperplane\hyperplane\debug\classview.obj
c:\users\ferdi\documents\github\hyperplane\hyperplane\debug\cntrıtem.obj
c:\users\ferdi\documents\github\hyperplane\hyperplane\debug\fileview.obj
c:\users\ferdi\documents\github\hyperplane\hyperplane\debug\hyperplane.obj
c:\users\ferdi\documents\github\hyperplane\hyperplane\debug\hyperplanedoc.obj
c:\users\ferdi\documents\github\hyperplane\hyperplane\debug\hyperplaneview.obj
c:\users\ferdi\documents\github\hyperplane\hyperplane\debug\hyperplaneviewangle.obj
c:\users\ferdi\documents\github\hyperplane\hyperplane\debug\hyperplaneviewport.obj
c:\users\ferdi\documents\github\hyperplane\hyperplane\debug\ıpframe.obj
c:\users\ferdi\documents\github\hyperplane\hyperplane\debug\mainfrm.obj
c:\users\ferdi\documents\github\hyperplane\hyperplane\debug\outputwnd.obj
c:\users\ferdi\documents\github\hyperplane\hyperplane\debug\propertieswnd.obj
c:\users\ferdi\documents\github\hyperplane\hyperplane\debug\srvrıtem.obj
c:\users\ferdi\documents\github\hyperplane\hyperplane\debug\stdafx.obj
c:\users\ferdi\documents\github\hyperplane\hyperplane\debug\viewtree.obj
c:\users\ferdi\documents\github\hyperplane\hyperplane\debug\hyperplane.tlb
c:\users\ferdi\documents\github\hyperplane\hyperplane\debug\hyperplane.res
c:\users\ferdi\documents\github\hyperplane\hyperplane\debug\hyperplane.pch
c:\users\ferdi\documents\github\hyperplane\hyperplane\debug\vc140.idb
c:\users\ferdi\documents\github\hyperplane\hyperplane\debug\vc140.pdb
c:\users\ferdi\documents\github\hyperplane\debug\hyperplane.pdb
c:\users\ferdi\documents\github\hyperplane\debug\hyperplane.ilk
c:\users\ferdi\documents\github\hyperplane\hyperplane\debug\hyperplane.tlog\cl.command.1.tlog
c:\users\ferdi\documents\github\hyperplane\hyperplane\debug\hyperplane.tlog\cl.read.1.tlog
c:\users\ferdi\documents\github\hyperplane\hyperplane\debug\hyperplane.tlog\cl.write.1.tlog
c:\users\ferdi\documents\github\hyperplane\hyperplane\debug\hyperplane.tlog\link.command.1.tlog
c:\users\ferdi\documents\github\hyperplane\hyperplane\debug\hyperplane.tlog\link.read.1.tlog
c:\users\ferdi\documents\github\hyperplane\hyperplane\debug\hyperplane.tlog\link.write.1.tlog
c:\users\ferdi\documents\github\hyperplane\hyperplane\debug\hyperplane.tlog\midl.command.1.tlog
c:\users\ferdi\documents\github\hyperplane\hyperplane\debug\hyperplane.tlog\midl.read.1.tlog
c:\users\ferdi\documents\github\hyperplane\hyperplane\debug\hyperplane.tlog\midl.write.1.tlog
c:\users\ferdi\documents\github\hyperplane\hyperplane\debug\hyperplane.tlog\rc.command.1.tlog
c:\users\ferdi\documents\github\hyperplane\hyperplane\debug\hyperplane.tlog\rc.read.1.tlog
c:\users\ferdi\documents\github\hyperplane\hyperplane\debug\hyperplane.tlog\rc.write.1.tlog
